<?xml version="1.0"?>
<!-- masscan v1.0 scan -->
<?xml-stylesheet href="" type="text/xsl"?>
<nmaprun scanner="masscan" start="1414261734" version="1.0-BETA" xmloutputversion="1.03">
<scaninfo type="syn" protocol="tcp"/>
<host endtime="1414261734"><address addr="145.48.208.254" addrtype="ipv4"/><ports><port protocol="tcp" portid="1124"><state state="open" reason="syn-ack" reason_ttl="236"/></port></ports></host>
<host endtime="1414261734"><address addr="218.241.11.3" addrtype="ipv4"/><ports><port protocol="tcp" portid="1124"><state state="open" reason="syn-ack" reason_ttl="112"/></port></ports></host>
<host endtime="1414261734"><address addr="194.133.15.114" addrtype="ipv4"/><ports><port protocol="tcp" portid="1124"><state state="open" reason="syn-ack" reason_ttl="244"/></port></ports></host>
<host endtime="1414261734"><address addr="159.251.202.54" addrtype="ipv4"/><ports><port protocol="tcp" portid="1124"><state state="open" reason="syn-ack" reason_ttl="235"/></port></ports></host>
<host endtime="1414261734"><address addr="133.46.111.222" addrtype="ipv4"/><ports><port protocol="tcp" portid="1124"><state state="open" reason="syn-ack" reason_ttl="52"/></port></ports></host>
<host endtime="1414261734"><address addr="122.9.75.186" addrtype="ipv4"/><ports><port protocol="tcp" portid="1124"><state state="open" reason="syn-ack" reason_ttl="111"/></port></ports></host>
<host endtime="1414261735"><address addr="213.99.15.192" addrtype="ipv4"/><ports><port protocol="tcp" portid="1124"><state state="open" reason="syn-ack" reason_ttl="234"/></port></ports></host>
<host endtime="1414261735"><address addr="133.46.111.222" addrtype="ipv4"/><ports><port protocol="tcp" portid="1124"><state state="open" reason="response" reason_ttl="52"/><service name="unknown" banner="(Ref.Id: ?sKfuusC4M4a2W8PaC4zF?)"/></port></ports></host>
<host endtime="1414261735"><address addr="122.9.246.119" addrtype="ipv4"/><ports><port protocol="tcp" portid="1124"><state state="open" reason="syn-ack" reason_ttl="113"/></port></ports></host>
<host endtime="1414261735"><address addr="75.104.185.240" addrtype="ipv4"/><ports><port protocol="tcp" portid="1124"><state state="open" reason="syn-ack" reason_ttl="240"/></port></ports></host>
<host endtime="1414261735"><address addr="172.196.169.84" addrtype="ipv4"/><ports><port protocol="tcp" portid="1124"><state state="open" reason="syn-ack" reason_ttl="239"/></port></ports></host>
<host endtime="1414261735"><address addr="172.196.169.148" addrtype="ipv4"/><ports><port protocol="tcp" portid="1124"><state state="open" reason="syn-ack" reason_ttl="239"/></port></ports></host>
<host endtime="1414261736"><address addr="203.252.215.112" addrtype="ipv4"/><ports><port protocol="tcp" portid="1124"><state state="open" reason="syn-ack" reason_ttl="228"/></port></ports></host>
<host endtime="1414261736"><address addr="186.177.22.106" addrtype="ipv4"/><ports><port protocol="tcp" portid="1124"><state state="open" reason="syn-ack" reason_ttl="235"/></port></ports></host>
<host endtime="1414261736"><address addr="172.193.0.223" addrtype="ipv4"/><ports><port protocol="tcp" portid="1124"><state state="open" reason="syn-ack" reason_ttl="239"/></port></ports></host>
<host endtime="1414397123"><address addr="222.151.95.21" addrtype="ipv4"/><ports><port protocol="tcp" portid="1124"><state state="open" reason="syn-ack" reason_ttl="48"/></port></ports></host>
<host endtime="1414397123"><address addr="221.229.166.253" addrtype="ipv4"/><ports><port protocol="tcp" portid="1124"><state state="open" reason="syn-ack" reason_ttl="113"/></port></ports></host>
<host endtime="1414397124"><address addr="125.64.43.209" addrtype="ipv4"/><ports><port protocol="tcp" portid="1124"><state state="open" reason="syn-ack" reason_ttl="114"/></port></ports></host>
<host endtime="1414397124"><address addr="222.151.95.21" addrtype="ipv4"/><ports><port protocol="tcp" portid="1124"><state state="open" reason="syn-ack" reason_ttl="48"/></port></ports></host>
<host endtime="1414397124"><address addr="118.244.136.46" addrtype="ipv4"/><ports><port protocol="tcp" portid="1124"><state state="open" reason="syn-ack" reason_ttl="111"/></port></ports></host>
<host endtime="1414397124"><address addr="172.199.30.227" addrtype="ipv4"/><ports><port protocol="tcp" portid="1124"><state state="open" reason="syn-ack" reason_ttl="240"/></port></ports></host>
<host endtime="1414397124"><address addr="172.196.31.24" addrtype="ipv4"/><ports><port protocol="tcp" portid="1124"><state state="open" reason="syn-ack" reason_ttl="239"/></port></ports></host>
<host endtime="1414397125"><address addr="63.200.134.59" addrtype="ipv4"/><ports><port protocol="tcp" portid="1124"><state state="open" reason="syn-ack" reason_ttl="235"/></port></ports></host>
<host endtime="1414397125"><address addr="118.244.162.186" addrtype="ipv4"/><ports><port protocol="tcp" portid="1124"><state state="open" reason="syn-ack" reason_ttl="111"/></port></ports></host>
<host endtime="1414397125"><address addr="145.48.126.5" addrtype="ipv4"/><ports><port protocol="tcp" portid="1124"><state state="open" reason="syn-ack" reason_ttl="236"/></port></ports></host>
<host endtime="1414397126"><address addr="211.149.194.127" addrtype="ipv4"/><ports><port protocol="tcp" portid="1124"><state state="open" reason="syn-ack" reason_ttl="115"/></port></ports></host>
<host endtime="1414397126"><address addr="168.235.243.87" addrtype="ipv4"/><ports><port protocol="tcp" portid="1124"><state state="open" reason="syn-ack" reason_ttl="120"/></port></ports></host>
<host endtime="1414397126"><address addr="122.10.62.204" addrtype="ipv4"/><ports><port protocol="tcp" portid="1124"><state state="open" reason="syn-ack" reason_ttl="111"/></port></ports></host>
<host endtime="1414397126"><address addr="122.10.62.174" addrtype="ipv4"/><ports><port protocol="tcp" portid="1124"><state state="open" reason="syn-ack" reason_ttl="111"/></port></ports></host>
<host endtime="1414397126"><address addr="161.139.233.137" addrtype="ipv4"/><ports><port protocol="tcp" portid="1124"><state state="open" reason="syn-ack" reason_ttl="119"/></port></ports></host>
<host endtime="1414397127"><address addr="118.244.124.139" addrtype="ipv4"/><ports><port protocol="tcp" portid="1124"><state state="open" reason="syn-ack" reason_ttl="111"/></port></ports></host>
<host endtime="1414397127"><address addr="175.107.163.132" addrtype="ipv4"/><ports><port protocol="tcp" portid="1124"><state state="open" reason="syn-ack" reason_ttl="243"/></port></ports></host>
<host endtime="1414397127"><address addr="172.195.196.32" addrtype="ipv4"/><ports><port protocol="tcp" portid="1124"><state state="open" reason="syn-ack" reason_ttl="240"/></port></ports></host>
<host endtime="1414397127"><address addr="202.125.249.4" addrtype="ipv4"/><ports><port protocol="tcp" portid="1124"><state state="open" reason="syn-ack" reason_ttl="115"/></port></ports></host>
</nmaprun>
